[18:19:46] main()-90: START
[18:19:46] stop_processor()-318: signal=2
[18:19:47] init_program()-493
[18:21:22] main()-90: START
[18:21:22] stop_processor()-335: signal=2
[18:21:23] init_program()-493
[18:23:00] main()-90: START
[18:23:00] stop_processor()-335: signal=2
[18:23:01] init_program()-493
[18:25:22] main()-90: START
[18:25:22] stop_processor()-335: signal=2
[18:25:23] init_program()-494
[18:26:35] main()-90: START
[18:26:35] stop_processor()-335: signal=2
[18:26:36] init_program()-494
[18:32:49] main()-90: START
[18:32:49] stop_processor()-335: signal=2
[18:32:50] init_program()-485
[18:32:50] log_manager()-535: Access denied for user 'root'@'localhost' (using password: YES)
[18:32:51] main() 258: End of program
[18:34:46] main()-90: START
[18:34:47] init_program()-485
[18:34:47] log_manager()-538: Access denied for user 'root'@'localhost' (using password: YES)
[18:34:48] main() 258: End of program
[18:41:35] main()-90: START
[18:41:36] init_program()-485
[18:46:11] main()-90: START
[18:46:11] stop_processor()-335: signal=2
[18:46:12] init_program()-485
[18:46:56] main()-90: START
[18:46:56] stop_processor()-335: signal=2
[18:46:57] init_program()-485
[18:47:51] main()-90: START
[18:47:51] stop_processor()-335: signal=2
[18:47:52] init_program()-485
