[10:19:57] main()-89: START
[10:20:00] main()-89: START
[10:20:01] init_program()-492
[10:20:57] main()-89: START
[10:20:57] stop_processor()-342: signal=2
[10:23:10] main()-89: START
[10:23:11] init_program()-492
[10:23:11] readPolicyDB()-133
[10:23:11] log_manager()-665: Access denied for user 'root'@'localhost' (using password: YES)
[10:23:12] connectIpsDB()-70: Access denied for user 'root'@'localhost' (using password: YES)
[10:23:12] main() 265: End of program
[10:24:56] main()-89: START
[11:11:55] main()-89: START
[11:11:56] init_program()-492
[11:11:56] readPolicyDB()-133
[11:11:56] log_manager()-665: Access denied for user 'root'@'localhost' (using password: YES)
[11:11:57] connectIpsDB()-70: Access denied for user 'root'@'localhost' (using password: YES)
[11:11:57] main() 265: End of program
[11:12:02] main()-89: START
[11:13:53] main()-89: START
[11:13:54] init_program()-492
[11:13:54] readPolicyDB()-135
[11:13:54] log_manager()-665: Access denied for user 'root'@'localhost' (using password: YES)
[11:13:55] connectIpsDB()-72: Access denied for user 'root'@'localhost' (using password: YES)
[11:13:55] main() 265: End of program
[11:14:26] main()-89: START
[11:14:27] init_program()-492
[11:14:27] readPolicyDB()-135
[11:14:29] connectIpsDB()-102: Unknown database 'ips3'
[11:15:22] main()-89: START
[11:15:22] stop_processor()-342: signal=2
[11:15:23] init_program()-492
[11:15:23] readPolicyDB()-135
[11:15:24] connectIpsDB()-102: Unknown database 'ips3'
[11:17:52] main()-89: START
[11:17:52] stop_processor()-342: signal=2
[11:17:53] init_program()-492
[11:17:53] readPolicyDB()-135
[11:25:57] main()-89: START
[11:25:57] stop_processor()-342: signal=2
[11:25:58] init_program()-492
[11:25:58] readPolicyDB()-135
[11:27:10] main()-89: START
[11:27:10] stop_processor()-342: signal=2
[11:27:11] init_program()-492
[11:27:11] readPolicyDB()-135
[11:29:02] main()-89: START
[11:29:02] stop_processor()-342: signal=2
[11:29:03] init_program()-492
[11:29:03] readPolicyDB()-135
[11:30:42] main()-89: START
[11:30:42] stop_processor()-342: signal=2
[11:30:43] init_program()-492
[11:30:43] readPolicyDB()-135
[11:32:48] main()-89: START
[11:32:48] stop_processor()-342: signal=2
[11:32:49] init_program()-492
[11:32:49] readPolicyDB()-135
[11:32:57] main()-89: START
[11:32:57] stop_processor()-342: signal=2
[11:32:58] init_program()-492
[11:32:58] readPolicyDB()-135
[15:18:35] main()-89: START
[15:18:35] stop_processor()-342: signal=2
[15:18:36] init_program()-492
[15:18:36] readPolicyDB()-135
[15:23:35] main()-89: START
[15:23:35] stop_processor()-342: signal=2
[15:23:36] init_program()-492
[15:23:36] readPolicyDB()-135
[15:26:27] main()-89: START
[15:26:27] stop_processor()-342: signal=2
[15:26:28] init_program()-492
[15:26:28] readPolicyDB()-135
[15:29:35] New session 3393318644 0 0:178277642 -> b3a8:-1080013558
[15:29:49] New session 688388403 1 aa04d0a:43886 -> bfa04d0a:4000
[15:30:10] New session 255961666 2 4fa04d0a:54972 -> bfa04d0a:3118
[15:30:10] Del session : Count(2) 4fa04d0a:54972 -> bfa04d0a:3118
[15:30:10] New session 511923332 2 4fa04d0a:54973 -> bfa04d0a:3118
[15:30:10] New session 1023847432 3 4fa04d0a:54974 -> bfa04d0a:3306
[15:30:11] New session 2047694864 4 4fa04d0a:54975 -> bfa04d0a:3306
[15:30:39] New session 688253811 5 aa04d0a:60566 -> bfa04d0a:4000
[15:31:11] New session 511923724 6 4fa04d0a:54981 -> bfa04d0a:3306
[15:33:52] main()-89: START
[15:33:52] stop_processor()-342: signal=2
[15:33:53] init_program()-492
[15:33:53] readPolicyDB()-135
[15:51:53] main()-89: START
[15:51:53] stop_processor()-342: signal=2
[15:51:54] init_program()-492
[15:51:54] readPolicyDB()-135
[15:52:11] New session 688301779 0 0:178277642 -> 824a:-1080013558
[15:52:53] main()-89: START
[15:52:53] stop_processor()-342: signal=2
[15:52:54] init_program()-492
[15:52:54] readPolicyDB()-135
[15:53:01] main()-89: START
[15:53:01] stop_processor()-342: signal=2
[15:53:02] init_program()-492
[15:53:02] readPolicyDB()-135
[15:53:44] main()-89: START
[15:53:44] stop_processor()-342: signal=2
[15:53:45] init_program()-492
[15:53:45] readPolicyDB()-135
[15:54:30] main()-89: START
[15:54:30] stop_processor()-342: signal=2
[15:54:31] init_program()-492
[15:54:31] readPolicyDB()-135
[16:10:26] New session 3393288796 0 0:178277642 -> e974:-1080013558
[16:12:01] main()-89: START
[16:12:01] stop_processor()-342: signal=2
[16:12:02] init_program()-492
[16:12:02] readPolicyDB()-135
[16:12:17] New session 688302835 0 0:178277642 -> d086:-1080013558
[16:16:01] main()-89: START
[16:16:01] stop_processor()-342: signal=2
[16:16:02] init_program()-492
[16:16:02] readPolicyDB()-135
[16:16:14] New session 1519392113 0 0:178277642 -> 9956:1275308224
[16:16:14] New session 1519392113 0 1:178277642 -> 9956:1275308224
[17:39:51] Del session : Count(0) aa04d0a:39254 -> 4c03a8c0:3306
[17:51:02] main()-89: START
[17:51:02] stop_processor()-342: signal=2
[17:51:03] init_program()-492
[17:51:03] readPolicyDB()-135
[17:52:11] main()-89: START
[17:52:11] stop_processor()-342: signal=2
[17:52:12] init_program()-492
[17:52:12] readPolicyDB()-135
[17:53:49] New session 1453591892 0 0:178277642 -> d550:1275308224
[17:53:49] New session 1453591892 0 1:178277642 -> d550:1275308224
[18:05:11] main()-89: START
[18:05:11] stop_processor()-342: signal=2
[18:05:12] init_program()-492
[18:05:12] readPolicyDB()-135
[18:05:17] New session 1453591892 0 0:178277642 -> d550:1275308224
[18:07:53] main()-89: START
[18:07:53] stop_processor()-342: signal=2
[18:07:54] init_program()-492
[18:07:54] readPolicyDB()-135
[18:07:58] New session 1453591892 0 0:178277642 -> d550:1275308224
[18:09:40] findRule()-1205 Can't found rule(193482958)
[18:09:40] saveFilteringLog()-249 SQL(CREATE TABLE ips_log_31 ( 	`c_index` int(11) unsigned NOT NULL default '0', 	`policy_no` bigint(20) NOT NULL default '0', 	`policy_name` varchar(64) NOT NULL default '', 	`level` int(11) NOT NULL default '0' COMMENT '0:high, 1:
[18:12:41] main()-89: START
[18:12:41] stop_processor()-342: signal=2
[18:12:42] init_program()-492
[18:12:42] readPolicyDB()-135
[18:14:40] main()-89: START
[18:14:40] stop_processor()-342: signal=2
[18:14:41] init_program()-492
[18:14:41] readPolicyDB()-135
[18:14:43] saveFilteringLog()-272: Table 'dbsafer_log_2023_08.dbsafer_log_31' doesn't exist
 query=insert into dbsafer_log_31(c_index,policy_no,policy_name,level,is_userdefine,comment,loglevel,denied,c_time,alert,user_ip,service_no,server_ip,server_port,pkt_length,
[18:15:16] New session 1519419121 0 0:178277642 -> ae86:1275308224
[18:15:20] saveFilteringLog()-272: Table 'dbsafer_log_2023_08.dbsafer_log_31' doesn't exist
 query=insert into dbsafer_log_31(c_index,policy_no,policy_name,level,is_userdefine,comment,loglevel,denied,c_time,alert,user_ip,service_no,server_ip,server_port,pkt_length,
[18:15:35] saveFilteringLog()-272: Table 'dbsafer_log_2023_08.dbsafer_log_31' doesn't exist
 query=insert into dbsafer_log_31(c_index,policy_no,policy_name,level,is_userdefine,comment,loglevel,denied,c_time,alert,user_ip,service_no,server_ip,server_port,pkt_length,
[18:18:09] main()-89: START
[18:18:09] stop_processor()-342: signal=2
[18:18:10] init_program()-492
[18:18:10] readPolicyDB()-135
[18:18:14] saveFilteringLog()-274: Table 'dbsafer_log_2023_08.dbsafer_log_31' doesn't exist
 query=insert into dbsafer_log_31(c_index,policy_no,policy_name,level,is_userdefine,comment,loglevel,denied,c_time,alert,user_ip,service_no,server_ip,server_port,pkt_length,
[18:49:59] New session 1453590476 0 0:178277642 -> d2bc:1275308224
[18:50:03] saveFilteringLog()-274: Table 'dbsafer_log_2023_08.dbsafer_log_31' doesn't exist
 query=insert into dbsafer_log_31(c_index,policy_no,policy_name,level,is_userdefine,comment,loglevel,denied,c_time,alert,user_ip,service_no,server_ip,server_port,pkt_length,
[18:53:08] main()-89: START
[18:53:08] stop_processor()-342: signal=2
[18:53:09] init_program()-492
[18:53:09] readPolicyDB()-135
[18:57:39] main()-89: START
[18:57:40] init_program()-492
[18:57:40] readPolicyDB()-135
[19:00:09] main()-89: START
[19:00:10] init_program()-492
[19:00:10] readPolicyDB()-135
[19:02:21] main()-89: START
[19:02:22] init_program()-492
[19:02:23] readPolicyDB()-135
[19:04:56] main()-89: START
[19:04:57] init_program()-492
[19:04:57] readPolicyDB()-135
[19:06:15] main()-89: START
[19:06:16] init_program()-492
[19:06:16] readPolicyDB()-135
[19:07:11] main()-89: START
[19:07:12] init_program()-492
[19:07:12] readPolicyDB()-135
[19:07:15] New session 1519390065 0 0:178277642 -> ecf6:1275308224
[19:07:35] main()-89: START
[19:07:36] init_program()-492
[19:07:36] readPolicyDB()-135
[19:07:44] New session 1519449457 0 0:178277642 -> 9dd6:1275308224
[19:08:23] main()-89: START
[19:08:24] init_program()-492
[19:08:24] readPolicyDB()-135
[19:10:48] main()-89: START
[19:10:49] init_program()-492
[19:10:49] readPolicyDB()-135
[19:12:24] main()-89: START
[19:12:25] init_program()-492
[19:12:25] readPolicyDB()-135
[19:13:52] main()-89: START
[19:13:53] init_program()-492
[19:13:53] readPolicyDB()-135
[19:15:37] main()-89: START
[19:15:38] init_program()-492
[19:15:38] readPolicyDB()-135
[19:18:00] main()-89: START
[19:18:01] init_program()-492
[19:18:01] readPolicyDB()-135
[19:20:04] main()-89: START
[19:20:05] init_program()-492
[19:20:05] readPolicyDB()-135
[19:21:50] main()-89: START
[19:21:51] init_program()-492
[19:21:51] readPolicyDB()-135
[19:24:14] main()-89: START
[19:24:15] init_program()-492
[19:24:15] readPolicyDB()-135
[19:25:15] main()-89: START
[19:25:15] stop_processor()-342: signal=2
[19:25:16] init_program()-492
[19:25:16] readPolicyDB()-135
[19:28:04] main()-89: START
[19:28:04] stop_processor()-342: signal=2
[19:28:05] init_program()-492
[19:28:05] readPolicyDB()-135
[19:30:20] main()-89: START
[19:30:20] stop_processor()-342: signal=2
[19:30:21] init_program()-492
[19:30:21] readPolicyDB()-135
[19:32:56] main()-89: START
[19:32:56] stop_processor()-342: signal=2
[19:32:57] init_program()-492
[19:32:57] readPolicyDB()-135
[19:36:07] main()-89: START
[19:36:07] stop_processor()-342: signal=2
[19:36:08] init_program()-492
[19:36:08] readPolicyDB()-135
[19:36:11] findRule()-1205 Can't found rule(0)
[19:38:47] main()-89: START
[19:38:47] stop_processor()-342: signal=2
[19:38:48] init_program()-492
[19:38:48] readPolicyDB()-135
[19:38:51] findRule()-1207 Can't found rule(0)
[19:46:03] main()-89: START
[19:46:03] stop_processor()-342: signal=2
[19:46:04] init_program()-492
[19:46:04] readPolicyDB()-135
[19:46:06] findRule()-1209 Can't found rule(0)
[19:47:12] main()-89: START
[19:47:12] stop_processor()-342: signal=2
[19:47:13] init_program()-492
[19:47:13] readPolicyDB()-135
[19:47:18] findRule()-1209 Can't found rule(0)
[19:49:27] main()-89: START
[19:49:27] stop_processor()-342: signal=2
[19:49:28] init_program()-492
[19:49:28] readPolicyDB()-135
[19:49:31] findRule()-1209 Can't found rule(0)
[19:51:15] main()-89: START
[19:51:15] stop_processor()-342: signal=2
[19:51:16] init_program()-492
[19:51:16] readPolicyDB()-135
[19:51:21] findRule()-1209 Can't found rule(193482945)
[19:54:59] main()-89: START
[19:54:59] stop_processor()-342: signal=2
[19:55:00] init_program()-492
[19:55:00] readPolicyDB()-135
[19:55:04] saveFilteringLog()-293: You have an error in your SQL syntax; check the manual that corresponds to your MariaDB server version for the right syntax to use near 'true' within 'where' clause.',4,3,'2023-08-31 19:55:03','','10.77.160.10',1,'...' at line 1
 
[19:57:19] main()-89: START
[19:57:19] stop_processor()-342: signal=2
[19:57:20] init_program()-492
[19:57:20] readPolicyDB()-135
[19:57:34] saveFilteringLog()-294: You have an error in your SQL syntax; check the manual that corresponds to your MariaDB server version for the right syntax to use near 'true' within 'where' clause.',4,3,'2023-08-31 19:57:33','','10.77.160.10',1,'...' at line 1
 
[20:02:41] main()-89: START
[20:02:41] stop_processor()-342: signal=2
[20:02:42] init_program()-492
[20:02:42] readPolicyDB()-135
[20:02:45] saveFilteringLog()-294: You have an error in your SQL syntax; check the manual that corresponds to your MariaDB server version for the right syntax to use near 'true' within 'where' clause.',4,3,'2023-08-31 20:02:45','','10.77.160.10',1,'...' at line 1
 
[20:04:06] main()-89: START
[20:04:06] stop_processor()-342: signal=2
[20:04:07] init_program()-492
[20:04:07] readPolicyDB()-135
[20:04:11] saveFilteringLog()-296: You have an error in your SQL syntax; check the manual that corresponds to your MariaDB server version for the right syntax to use near 'true' within 'where' clause.',4,3,'2023-08-31 20:04:11','','10.77.160.10',1,'...' at line 1
 
[20:05:06] main()-89: START
[20:05:06] stop_processor()-342: signal=2
[20:05:07] init_program()-492
[20:05:08] readPolicyDB()-135
[20:05:11] saveFilteringLog()-296: You have an error in your SQL syntax; check the manual that corresponds to your MariaDB server version for the right syntax to use near 'true' within 'where' clause.',4,3,'2023-08-31 20:05:10','','10.77.160.10',1,'...' at line 1
 
[20:08:51] main()-89: START
[20:08:51] stop_processor()-342: signal=2
[20:08:52] init_program()-492
[20:08:52] readPolicyDB()-135
[20:08:57] saveFilteringLog()-297: You have an error in your SQL syntax; check the manual that corresponds to your MariaDB server version for the right syntax to use near 'true' within 'where' clause.',4,3,'2023-08-31 20:08:56','','10.77.160.10',1,'...' at line 1
 
[20:13:15] main()-89: START
[20:13:15] stop_processor()-342: signal=2
[20:13:16] init_program()-492
[20:13:16] readPolicyDB()-135
[20:13:19] saveFilteringLog()-298: You have an error in your SQL syntax; check the manual that corresponds to your MariaDB server version for the right syntax to use near 'true' within 'where' clause.',4,3,'2023-08-31 20:13:18','','10.77.160.10',1,'...' at line 1
 
[20:17:01] main()-89: START
[20:17:01] stop_processor()-342: signal=2
[20:17:02] init_program()-492
[20:17:02] readPolicyDB()-135
[20:19:07] main()-89: START
[20:19:07] stop_processor()-342: signal=2
[20:19:08] init_program()-492
[20:19:08] readPolicyDB()-134
